<?xml version="1.0" encoding="UTF-8"?>
<!-- Generated by org.testng.reporters.JUnitXMLReporter -->
<testsuite ignored="0" hostname="LAPTOP-IC6243OL" failures="0" tests="3" name="Default test" time="36.297" errors="0" timestamp="2022-10-25T19:10:53 WAT">
  <testcase classname="CaisseDeconnectee.Backend.Test.SpringTestNGTest" name="testLogin" time="9.447"/>
  <testcase classname="CaisseDeconnectee.Backend.Test.SpringTestNGTest" name="testfact" time="12.099"/>
  <testcase classname="CaisseDeconnectee.Backend.Test.SpringTestNGTest" name="testpayer" time="11.049"/>
</testsuite> <!-- Default test -->
