<?xml version="1.0" encoding="UTF-8"?>
<testng-results ignored="0" total="2" passed="2" failed="0" skipped="0">
  <reporter-output>
  </reporter-output>
  <suite started-at="2022-10-25T15:00:20 WAT" name="Default suite" finished-at="2022-10-25T15:00:48 WAT" duration-ms="27917">
    <groups>
    </groups>
    <test started-at="2022-10-25T15:00:20 WAT" name="Default test" finished-at="2022-10-25T15:00:48 WAT" duration-ms="27917">
      <class name="CaisseDeconnectee.Backend.Test.SpringTestNGTest">
        <test-method is-config="true" signature="springTestContextPrepareTestInstance()[pri:0, instance:CaisseDeconnectee.Backend.Test.SpringTestNGTest@350ec41e]" started-at="2022-10-25T15:00:14 WAT" name="springTestContextPrepareTestInstance" finished-at="2022-10-25T15:00:20 WAT" duration-ms="5522" status="PASS">
          <reporter-output>
          </reporter-output>
        </test-method> <!-- springTestContextPrepareTestInstance -->
        <test-method is-config="true" signature="setupWebDriver()[pri:0, instance:CaisseDeconnectee.Backend.Test.SpringTestNGTest@350ec41e]" started-at="2022-10-25T15:00:20 WAT" name="setupWebDriver" finished-at="2022-10-25T15:00:28 WAT" duration-ms="8370" status="PASS">
          <reporter-output>
          </reporter-output>
        </test-method> <!-- setupWebDriver -->
        <test-method is-config="true" signature="springTestContextBeforeTestClass()[pri:0, instance:CaisseDeconnectee.Backend.Test.SpringTestNGTest@350ec41e]" started-at="2022-10-25T15:00:28 WAT" name="springTestContextBeforeTestClass" finished-at="2022-10-25T15:00:28 WAT" duration-ms="2" status="PASS">
          <reporter-output>
          </reporter-output>
        </test-method> <!-- springTestContextBeforeTestClass -->
        <test-method is-config="true" signature="springTestContextPrepareTestInstance()[pri:0, instance:CaisseDeconnectee.Backend.Test.SpringTestNGTest@350ec41e]" started-at="2022-10-25T15:00:28 WAT" name="springTestContextPrepareTestInstance" finished-at="2022-10-25T15:00:28 WAT" duration-ms="0" status="PASS">
          <reporter-output>
          </reporter-output>
        </test-method> <!-- springTestContextPrepareTestInstance -->
        <test-method is-config="true" signature="springTestContextBeforeTestMethod(java.lang.reflect.Method)[pri:0, instance:CaisseDeconnectee.Backend.Test.SpringTestNGTest@350ec41e]" started-at="2022-10-25T15:00:28 WAT" name="springTestContextBeforeTestMethod" finished-at="2022-10-25T15:00:28 WAT" duration-ms="2" status="PASS">
          <params>
            <param index="0">
              <value>
                <![CDATA[public void CaisseDeconnectee.Backend.Test.SpringTestNGTest.testLogin() throws java.lang.InterruptedException]]>
              </value>
            </param>
          </params>
          <reporter-output>
          </reporter-output>
        </test-method> <!-- springTestContextBeforeTestMethod -->
        <test-method signature="testLogin()[pri:0, instance:CaisseDeconnectee.Backend.Test.SpringTestNGTest@350ec41e]" started-at="2022-10-25T15:00:28 WAT" name="testLogin" finished-at="2022-10-25T15:00:37 WAT" duration-ms="9276" status="PASS">
          <reporter-output>
          </reporter-output>
        </test-method> <!-- testLogin -->
        <test-method is-config="true" signature="springTestContextAfterTestMethod(java.lang.reflect.Method)[pri:0, instance:CaisseDeconnectee.Backend.Test.SpringTestNGTest@350ec41e]" started-at="2022-10-25T15:00:37 WAT" name="springTestContextAfterTestMethod" finished-at="2022-10-25T15:00:37 WAT" duration-ms="2" status="PASS">
          <params>
            <param index="0">
              <value>
                <![CDATA[public void CaisseDeconnectee.Backend.Test.SpringTestNGTest.testLogin() throws java.lang.InterruptedException]]>
              </value>
            </param>
          </params>
          <reporter-output>
          </reporter-output>
        </test-method> <!-- springTestContextAfterTestMethod -->
        <test-method is-config="true" signature="springTestContextBeforeTestMethod(java.lang.reflect.Method)[pri:0, instance:CaisseDeconnectee.Backend.Test.SpringTestNGTest@350ec41e]" started-at="2022-10-25T15:00:37 WAT" name="springTestContextBeforeTestMethod" finished-at="2022-10-25T15:00:37 WAT" duration-ms="1" status="PASS">
          <params>
            <param index="0">
              <value>
                <![CDATA[public void CaisseDeconnectee.Backend.Test.SpringTestNGTest.testfact() throws java.lang.InterruptedException]]>
              </value>
            </param>
          </params>
          <reporter-output>
          </reporter-output>
        </test-method> <!-- springTestContextBeforeTestMethod -->
        <test-method signature="testfact()[pri:0, instance:CaisseDeconnectee.Backend.Test.SpringTestNGTest@350ec41e]" started-at="2022-10-25T15:00:37 WAT" name="testfact" finished-at="2022-10-25T15:00:48 WAT" duration-ms="10232" status="PASS">
          <reporter-output>
          </reporter-output>
        </test-method> <!-- testfact -->
        <test-method is-config="true" signature="springTestContextAfterTestMethod(java.lang.reflect.Method)[pri:0, instance:CaisseDeconnectee.Backend.Test.SpringTestNGTest@350ec41e]" started-at="2022-10-25T15:00:48 WAT" name="springTestContextAfterTestMethod" finished-at="2022-10-25T15:00:48 WAT" duration-ms="1" status="PASS">
          <params>
            <param index="0">
              <value>
                <![CDATA[public void CaisseDeconnectee.Backend.Test.SpringTestNGTest.testfact() throws java.lang.InterruptedException]]>
              </value>
            </param>
          </params>
          <reporter-output>
          </reporter-output>
        </test-method> <!-- springTestContextAfterTestMethod -->
        <test-method is-config="true" signature="springTestContextAfterTestClass()[pri:0, instance:CaisseDeconnectee.Backend.Test.SpringTestNGTest@350ec41e]" started-at="2022-10-25T15:00:48 WAT" name="springTestContextAfterTestClass" finished-at="2022-10-25T15:00:48 WAT" duration-ms="2" status="PASS">
          <reporter-output>
          </reporter-output>
        </test-method> <!-- springTestContextAfterTestClass -->
      </class> <!-- CaisseDeconnectee.Backend.Test.SpringTestNGTest -->
    </test> <!-- Default test -->
  </suite> <!-- Default suite -->
</testng-results>
