<?xml version="1.0" encoding="UTF-8"?>
<testng-results ignored="0" total="3" passed="3" failed="0" skipped="0">
  <reporter-output>
  </reporter-output>
  <suite started-at="2022-10-25T19:10:17 WAT" name="Default suite" finished-at="2022-10-25T19:10:53 WAT" duration-ms="36297">
    <groups>
    </groups>
    <test started-at="2022-10-25T19:10:17 WAT" name="Default test" finished-at="2022-10-25T19:10:53 WAT" duration-ms="36297">
      <class name="CaisseDeconnectee.Backend.Test.SpringTestNGTest">
        <test-method is-config="true" signature="springTestContextPrepareTestInstance()[pri:0, instance:CaisseDeconnectee.Backend.Test.SpringTestNGTest@426b6a74]" started-at="2022-10-25T19:10:09 WAT" name="springTestContextPrepareTestInstance" finished-at="2022-10-25T19:10:17 WAT" duration-ms="7387" status="PASS">
          <reporter-output>
          </reporter-output>
        </test-method> <!-- springTestContextPrepareTestInstance -->
        <test-method is-config="true" signature="setupWebDriver()[pri:0, instance:CaisseDeconnectee.Backend.Test.SpringTestNGTest@426b6a74]" started-at="2022-10-25T19:10:17 WAT" name="setupWebDriver" finished-at="2022-10-25T19:10:20 WAT" duration-ms="3605" status="PASS">
          <reporter-output>
          </reporter-output>
        </test-method> <!-- setupWebDriver -->
        <test-method is-config="true" signature="springTestContextBeforeTestClass()[pri:0, instance:CaisseDeconnectee.Backend.Test.SpringTestNGTest@426b6a74]" started-at="2022-10-25T19:10:20 WAT" name="springTestContextBeforeTestClass" finished-at="2022-10-25T19:10:20 WAT" duration-ms="5" status="PASS">
          <reporter-output>
          </reporter-output>
        </test-method> <!-- springTestContextBeforeTestClass -->
        <test-method is-config="true" signature="springTestContextPrepareTestInstance()[pri:0, instance:CaisseDeconnectee.Backend.Test.SpringTestNGTest@426b6a74]" started-at="2022-10-25T19:10:20 WAT" name="springTestContextPrepareTestInstance" finished-at="2022-10-25T19:10:20 WAT" duration-ms="2" status="PASS">
          <reporter-output>
          </reporter-output>
        </test-method> <!-- springTestContextPrepareTestInstance -->
        <test-method is-config="true" signature="springTestContextBeforeTestMethod(java.lang.reflect.Method)[pri:0, instance:CaisseDeconnectee.Backend.Test.SpringTestNGTest@426b6a74]" started-at="2022-10-25T19:10:20 WAT" name="springTestContextBeforeTestMethod" finished-at="2022-10-25T19:10:20 WAT" duration-ms="8" status="PASS">
          <params>
            <param index="0">
              <value>
                <![CDATA[public void CaisseDeconnectee.Backend.Test.SpringTestNGTest.testLogin() throws java.lang.InterruptedException]]>
              </value>
            </param>
          </params>
          <reporter-output>
          </reporter-output>
        </test-method> <!-- springTestContextBeforeTestMethod -->
        <test-method signature="testLogin()[pri:0, instance:CaisseDeconnectee.Backend.Test.SpringTestNGTest@426b6a74]" started-at="2022-10-25T19:10:20 WAT" name="testLogin" finished-at="2022-10-25T19:10:30 WAT" duration-ms="9447" status="PASS">
          <reporter-output>
          </reporter-output>
        </test-method> <!-- testLogin -->
        <test-method is-config="true" signature="springTestContextAfterTestMethod(java.lang.reflect.Method)[pri:0, instance:CaisseDeconnectee.Backend.Test.SpringTestNGTest@426b6a74]" started-at="2022-10-25T19:10:30 WAT" name="springTestContextAfterTestMethod" finished-at="2022-10-25T19:10:30 WAT" duration-ms="1" status="PASS">
          <params>
            <param index="0">
              <value>
                <![CDATA[public void CaisseDeconnectee.Backend.Test.SpringTestNGTest.testLogin() throws java.lang.InterruptedException]]>
              </value>
            </param>
          </params>
          <reporter-output>
          </reporter-output>
        </test-method> <!-- springTestContextAfterTestMethod -->
        <test-method is-config="true" signature="springTestContextBeforeTestMethod(java.lang.reflect.Method)[pri:0, instance:CaisseDeconnectee.Backend.Test.SpringTestNGTest@426b6a74]" started-at="2022-10-25T19:10:30 WAT" name="springTestContextBeforeTestMethod" finished-at="2022-10-25T19:10:30 WAT" duration-ms="1" status="PASS">
          <params>
            <param index="0">
              <value>
                <![CDATA[public void CaisseDeconnectee.Backend.Test.SpringTestNGTest.testfact() throws java.lang.InterruptedException]]>
              </value>
            </param>
          </params>
          <reporter-output>
          </reporter-output>
        </test-method> <!-- springTestContextBeforeTestMethod -->
        <test-method signature="testfact()[pri:0, instance:CaisseDeconnectee.Backend.Test.SpringTestNGTest@426b6a74]" started-at="2022-10-25T19:10:30 WAT" name="testfact" finished-at="2022-10-25T19:10:42 WAT" duration-ms="12099" status="PASS">
          <reporter-output>
          </reporter-output>
        </test-method> <!-- testfact -->
        <test-method is-config="true" signature="springTestContextAfterTestMethod(java.lang.reflect.Method)[pri:0, instance:CaisseDeconnectee.Backend.Test.SpringTestNGTest@426b6a74]" started-at="2022-10-25T19:10:42 WAT" name="springTestContextAfterTestMethod" finished-at="2022-10-25T19:10:42 WAT" duration-ms="1" status="PASS">
          <params>
            <param index="0">
              <value>
                <![CDATA[public void CaisseDeconnectee.Backend.Test.SpringTestNGTest.testfact() throws java.lang.InterruptedException]]>
              </value>
            </param>
          </params>
          <reporter-output>
          </reporter-output>
        </test-method> <!-- springTestContextAfterTestMethod -->
        <test-method is-config="true" signature="springTestContextBeforeTestMethod(java.lang.reflect.Method)[pri:0, instance:CaisseDeconnectee.Backend.Test.SpringTestNGTest@426b6a74]" started-at="2022-10-25T19:10:42 WAT" name="springTestContextBeforeTestMethod" finished-at="2022-10-25T19:10:42 WAT" duration-ms="3" status="PASS">
          <params>
            <param index="0">
              <value>
                <![CDATA[public void CaisseDeconnectee.Backend.Test.SpringTestNGTest.testpayer() throws java.lang.InterruptedException]]>
              </value>
            </param>
          </params>
          <reporter-output>
          </reporter-output>
        </test-method> <!-- springTestContextBeforeTestMethod -->
        <test-method signature="testpayer()[pri:0, instance:CaisseDeconnectee.Backend.Test.SpringTestNGTest@426b6a74]" started-at="2022-10-25T19:10:42 WAT" name="testpayer" finished-at="2022-10-25T19:10:53 WAT" duration-ms="11049" status="PASS">
          <reporter-output>
          </reporter-output>
        </test-method> <!-- testpayer -->
        <test-method is-config="true" signature="springTestContextAfterTestMethod(java.lang.reflect.Method)[pri:0, instance:CaisseDeconnectee.Backend.Test.SpringTestNGTest@426b6a74]" started-at="2022-10-25T19:10:53 WAT" name="springTestContextAfterTestMethod" finished-at="2022-10-25T19:10:53 WAT" duration-ms="1" status="PASS">
          <params>
            <param index="0">
              <value>
                <![CDATA[public void CaisseDeconnectee.Backend.Test.SpringTestNGTest.testpayer() throws java.lang.InterruptedException]]>
              </value>
            </param>
          </params>
          <reporter-output>
          </reporter-output>
        </test-method> <!-- springTestContextAfterTestMethod -->
        <test-method is-config="true" signature="springTestContextAfterTestClass()[pri:0, instance:CaisseDeconnectee.Backend.Test.SpringTestNGTest@426b6a74]" started-at="2022-10-25T19:10:53 WAT" name="springTestContextAfterTestClass" finished-at="2022-10-25T19:10:53 WAT" duration-ms="5" status="PASS">
          <reporter-output>
          </reporter-output>
        </test-method> <!-- springTestContextAfterTestClass -->
      </class> <!-- CaisseDeconnectee.Backend.Test.SpringTestNGTest -->
    </test> <!-- Default test -->
  </suite> <!-- Default suite -->
</testng-results>
